c:\users\administrator\documents\driver\kmdf joystick\x64\debug\vc143.pdb
c:\users\administrator\documents\driver\kmdf joystick\x64\debug\driver.obj
c:\users\administrator\documents\driver\kmdf joystick\x64\debug\kmdf joystick\kmdfjoystick.cat
c:\users\administrator\documents\driver\kmdf joystick\x64\debug\kmdfjoystick.sys
c:\users\administrator\documents\driver\kmdf joystick\x64\debug\kmdfjoystick.pdb
c:\users\administrator\documents\driver\kmdf joystick\x64\debug\kmdfjoystick.inf
c:\users\administrator\documents\driver\kmdf joystick\x64\debug\kmdfjoystick.cer
c:\users\administrator\documents\driver\kmdf joystick\x64\debug\kmdf joystick.tlog\cl.command.1.tlog
c:\users\administrator\documents\driver\kmdf joystick\x64\debug\kmdf joystick.tlog\cl.items.tlog
c:\users\administrator\documents\driver\kmdf joystick\x64\debug\kmdf joystick.tlog\cl.read.1.tlog
c:\users\administrator\documents\driver\kmdf joystick\x64\debug\kmdf joystick.tlog\cl.write.1.tlog
c:\users\administrator\documents\driver\kmdf joystick\x64\debug\kmdf joystick.tlog\inf2cat-expand.5408.read.1.tlog
c:\users\administrator\documents\driver\kmdf joystick\x64\debug\kmdf joystick.tlog\inf2cat-expand.5408.write.1.tlog
c:\users\administrator\documents\driver\kmdf joystick\x64\debug\kmdf joystick.tlog\inf2cat-expand.read.1.tlog
c:\users\administrator\documents\driver\kmdf joystick\x64\debug\kmdf joystick.tlog\inf2cat-expand.write.1.tlog
c:\users\administrator\documents\driver\kmdf joystick\x64\debug\kmdf joystick.tlog\inf2cat.command.1.tlog
c:\users\administrator\documents\driver\kmdf joystick\x64\debug\kmdf joystick.tlog\inf2cat.read.1.tlog
c:\users\administrator\documents\driver\kmdf joystick\x64\debug\kmdf joystick.tlog\inf2cat.write.1.tlog
c:\users\administrator\documents\driver\kmdf joystick\x64\debug\kmdf joystick.tlog\link.command.1.tlog
c:\users\administrator\documents\driver\kmdf joystick\x64\debug\kmdf joystick.tlog\link.read.1.tlog
c:\users\administrator\documents\driver\kmdf joystick\x64\debug\kmdf joystick.tlog\link.secondary.1.tlog
c:\users\administrator\documents\driver\kmdf joystick\x64\debug\kmdf joystick.tlog\link.write.1.tlog
c:\users\administrator\documents\driver\kmdf joystick\x64\debug\kmdf joystick.tlog\signtool.command.1.tlog
c:\users\administrator\documents\driver\kmdf joystick\x64\debug\kmdf joystick.tlog\signtool.read.1.tlog
c:\users\administrator\documents\driver\kmdf joystick\x64\debug\kmdf joystick.tlog\signtool.timestamp.1.tlog
c:\users\administrator\documents\driver\kmdf joystick\x64\debug\kmdf joystick.tlog\signtool.write.1.tlog
c:\users\administrator\documents\driver\kmdf joystick\x64\debug\kmdf joystick.tlog\stampinf.command.1.tlog
c:\users\administrator\documents\driver\kmdf joystick\x64\debug\kmdf joystick.tlog\stampinf.read.1.tlog
c:\users\administrator\documents\driver\kmdf joystick\x64\debug\kmdf joystick.tlog\stampinf.write.1.tlog
